ReferenceError: xq is not defined
    at /home/acutsvxx/profitnote.acutetech.in/routes/pages.js:130:6
    at Layer.handle [as handle_request] (/home/acutsvxx/nodevenv/profitnote.acutetech.in/20/lib/node_modules/express/lib/router/layer.js:95:5)
    at next (/home/acutsvxx/nodevenv/profitnote.acutetech.in/20/lib/node_modules/express/lib/router/route.js:149:13)
    at Route.dispatch (/home/acutsvxx/nodevenv/profitnote.acutetech.in/20/lib/node_modules/express/lib/router/route.js:119:3)
    at Layer.handle [as handle_request] (/home/acutsvxx/nodevenv/profitnote.acutetech.in/20/lib/node_modules/express/lib/router/layer.js:95:5)
    at /home/acutsvxx/nodevenv/profitnote.acutetech.in/20/lib/node_modules/express/lib/router/index.js:284:15
    at Function.process_params (/home/acutsvxx/nodevenv/profitnote.acutetech.in/20/lib/node_modules/express/lib/router/index.js:346:12)
    at next (/home/acutsvxx/nodevenv/profitnote.acutetech.in/20/lib/node_modules/express/lib/router/index.js:280:10)
    at /home/acutsvxx/profitnote.acutetech.in/routes/pages.js:49:3
    at Layer.handle [as handle_request] (/home/acutsvxx/nodevenv/profitnote.acutetech.in/20/lib/node_modules/express/lib/router/layer.js:95:5)
node:_http_outgoing:655
    throw new ERR_HTTP_HEADERS_SENT('set');
          ^

Error [ERR_HTTP_HEADERS_SENT]: Cannot set headers after they are sent to the client
    at ServerResponse.setHeader (node:_http_outgoing:655:11)
    at ServerResponse.header (/home/acutsvxx/nodevenv/profitnote.acutetech.in/20/lib/node_modules/express/lib/response.js:794:10)
    at ServerResponse.location (/home/acutsvxx/nodevenv/profitnote.acutetech.in/20/lib/node_modules/express/lib/response.js:925:15)
    at ServerResponse.redirect (/home/acutsvxx/nodevenv/profitnote.acutetech.in/20/lib/node_modules/express/lib/response.js:963:18)
    at /home/acutsvxx/profitnote.acutetech.in/routes/pages.js:129:9
    at /home/acutsvxx/nodevenv/profitnote.acutetech.in/20/lib/node_modules/connect-session-sequelize/lib/connect-session-sequelize.js:30:7
    at process.processTicksAndRejections (node:internal/process/task_queues:95:5) {
  code: 'ERR_HTTP_HEADERS_SENT'
}

Node.js v20.19.4
ReferenceError: xq is not defined
    at /home/acutsvxx/profitnote.acutetech.in/routes/pages.js:130:6
    at Layer.handle [as handle_request] (/home/acutsvxx/nodevenv/profitnote.acutetech.in/20/lib/node_modules/express/lib/router/layer.js:95:5)
    at next (/home/acutsvxx/nodevenv/profitnote.acutetech.in/20/lib/node_modules/express/lib/router/route.js:149:13)
    at Route.dispatch (/home/acutsvxx/nodevenv/profitnote.acutetech.in/20/lib/node_modules/express/lib/router/route.js:119:3)
    at Layer.handle [as handle_request] (/home/acutsvxx/nodevenv/profitnote.acutetech.in/20/lib/node_modules/express/lib/router/layer.js:95:5)
    at /home/acutsvxx/nodevenv/profitnote.acutetech.in/20/lib/node_modules/express/lib/router/index.js:284:15
    at Function.process_params (/home/acutsvxx/nodevenv/profitnote.acutetech.in/20/lib/node_modules/express/lib/router/index.js:346:12)
    at next (/home/acutsvxx/nodevenv/profitnote.acutetech.in/20/lib/node_modules/express/lib/router/index.js:280:10)
    at /home/acutsvxx/profitnote.acutetech.in/routes/pages.js:49:3
    at Layer.handle [as handle_request] (/home/acutsvxx/nodevenv/profitnote.acutetech.in/20/lib/node_modules/express/lib/router/layer.js:95:5)
node:_http_outgoing:655
    throw new ERR_HTTP_HEADERS_SENT('set');
          ^

Error [ERR_HTTP_HEADERS_SENT]: Cannot set headers after they are sent to the client
    at ServerResponse.setHeader (node:_http_outgoing:655:11)
    at ServerResponse.header (/home/acutsvxx/nodevenv/profitnote.acutetech.in/20/lib/node_modules/express/lib/response.js:794:10)
    at ServerResponse.location (/home/acutsvxx/nodevenv/profitnote.acutetech.in/20/lib/node_modules/express/lib/response.js:925:15)
    at ServerResponse.redirect (/home/acutsvxx/nodevenv/profitnote.acutetech.in/20/lib/node_modules/express/lib/response.js:963:18)
    at /home/acutsvxx/profitnote.acutetech.in/routes/pages.js:129:9
    at /home/acutsvxx/nodevenv/profitnote.acutetech.in/20/lib/node_modules/connect-session-sequelize/lib/connect-session-sequelize.js:30:7
    at process.processTicksAndRejections (node:internal/process/task_queues:95:5) {
  code: 'ERR_HTTP_HEADERS_SENT'
}

Node.js v20.19.4
[2025-09-23T16:32:43.588Z] [binance_klines] {
  "url": "https://api.binance.com/api/v3/klines?symbol=ETHUSDT&interval=1d&limit=500",
  "status": 451,
  "statusText": "Unavailable For Legal Reasons",
  "body": "{\n  \"code\": 0,\n  \"msg\": \"Service unavailable from a restricted location according to 'b. Eligibility' in https://www.binance.com/en/terms. Please contact customer service if you believe you received this message in error.\"\n}"
}
[2025-09-23T16:32:43.590Z] [binance_klines] {
  "url": "https://api.binance.com/api/v3/klines?symbol=ETHUSDT&interval=1d&limit=500",
  "error": "binance_klines_http_451"
}
[2025-09-23T16:32:43.590Z] [unified_crypto_binance_primary_fail] {
  "yahoo": "ETH-USD",
  "tf": "1d",
  "error": "binance_klines_http_451"
}
[2025-09-23T16:32:43.666Z] [binance_klines] {
  "url": "https://api.binance.com/api/v3/klines?symbol=ETHUSDT&interval=1d&limit=500",
  "status": 451,
  "statusText": "Unavailable For Legal Reasons",
  "body": "{\n  \"code\": 0,\n  \"msg\": \"Service unavailable from a restricted location according to 'b. Eligibility' in https://www.binance.com/en/terms. Please contact customer service if you believe you received this message in error.\"\n}"
}
[2025-09-23T16:32:43.667Z] [binance_klines] {
  "url": "https://api.binance.com/api/v3/klines?symbol=ETHUSDT&interval=1d&limit=500",
  "error": "binance_klines_http_451"
}
[2025-09-23T16:32:43.667Z] [unified_crypto_binance_last_resort_fail] {
  "yahoo": "ETH-USD",
  "error": "binance_klines_http_451"
}
[2025-09-23T16:32:44.256Z] [binance_klines] {
  "url": "https://api.binance.com/api/v3/klines?symbol=ETHUSDT&interval=15m&limit=500",
  "status": 451,
  "statusText": "Unavailable For Legal Reasons",
  "body": "{\n  \"code\": 0,\n  \"msg\": \"Service unavailable from a restricted location according to 'b. Eligibility' in https://www.binance.com/en/terms. Please contact customer service if you believe you received this message in error.\"\n}"
}
[2025-09-23T16:32:44.257Z] [binance_klines] {
  "url": "https://api.binance.com/api/v3/klines?symbol=ETHUSDT&interval=15m&limit=500",
  "error": "binance_klines_http_451"
}
[2025-09-23T16:32:44.257Z] [unified_crypto_binance_primary_fail] {
  "yahoo": "ETH-USD",
  "tf": "15m",
  "error": "binance_klines_http_451"
}
[2025-09-23T16:32:44.328Z] [binance_klines] {
  "url": "https://api.binance.com/api/v3/klines?symbol=ETHUSDT&interval=1d&limit=500",
  "status": 451,
  "statusText": "Unavailable For Legal Reasons",
  "body": "{\n  \"code\": 0,\n  \"msg\": \"Service unavailable from a restricted location according to 'b. Eligibility' in https://www.binance.com/en/terms. Please contact customer service if you believe you received this message in error.\"\n}"
}
[2025-09-23T16:32:44.328Z] [binance_klines] {
  "url": "https://api.binance.com/api/v3/klines?symbol=ETHUSDT&interval=1d&limit=500",
  "error": "binance_klines_http_451"
}
[2025-09-23T16:32:44.328Z] [unified_crypto_binance_last_resort_fail] {
  "yahoo": "ETH-USD",
  "error": "binance_klines_http_451"
}
[2025-09-23T16:41:19.353Z] [yahoo_quote_q1] {
  "url": "https://query1.finance.yahoo.com/v7/finance/quote?symbols=ETH-USD",
  "status": 401,
  "statusText": "Unauthorized",
  "body": "{\"finance\":{\"result\":null,\"error\":{\"code\":\"Unauthorized\",\"description\":\"User is unable to access this feature - https://bit.ly/yahoo-finance-api-feedback\"}}}"
}
[2025-09-23T16:41:19.354Z] [yahoo_quote_q1] {
  "url": "https://query1.finance.yahoo.com/v7/finance/quote?symbols=ETH-USD",
  "error": "yahoo_quote_q1_http_401"
}
[2025-09-23T16:41:19.692Z] [yahoo_quote_q2] {
  "url": "https://query2.finance.yahoo.com/v7/finance/quote?symbols=ETH-USD",
  "status": 401,
  "statusText": "Unauthorized",
  "body": "{\"finance\":{\"result\":null,\"error\":{\"code\":\"Unauthorized\",\"description\":\"User is unable to access this feature - https://bit.ly/yahoo-finance-api-feedback\"}}}"
}
[2025-09-23T16:41:19.692Z] [yahoo_quote_q2] {
  "url": "https://query2.finance.yahoo.com/v7/finance/quote?symbols=ETH-USD",
  "error": "yahoo_quote_q2_http_401"
}
[2025-09-23T16:41:19.692Z] [yahoo_quote_both_failed] {
  "symbol": "ETH-USD",
  "e1": "yahoo_quote_q1_http_401",
  "e2": "yahoo_quote_q2_http_401"
}
[2025-09-23T17:57:26.195Z] [yahoo_chart_q1] {
  "url": "https://query1.finance.yahoo.com/v8/finance/chart/TELL%20ME%20ABOUT%20MY%20SELF?interval=1d&range=1y",
  "status": 404,
  "statusText": "Not Found",
  "body": "{\"chart\":{\"result\":null,\"error\":{\"code\":\"Not Found\",\"description\":\"No data found, symbol may be delisted\"}}}"
}
[2025-09-23T17:57:26.196Z] [yahoo_chart_q1] {
  "url": "https://query1.finance.yahoo.com/v8/finance/chart/TELL%20ME%20ABOUT%20MY%20SELF?interval=1d&range=1y",
  "error": "yahoo_chart_q1_http_404"
}
[2025-09-23T17:57:26.526Z] [yahoo_chart_q2] {
  "url": "https://query2.finance.yahoo.com/v8/finance/chart/TELL%20ME%20ABOUT%20MY%20SELF?interval=1d&range=1y",
  "status": 404,
  "statusText": "Not Found",
  "body": "{\"chart\":{\"result\":null,\"error\":{\"code\":\"Not Found\",\"description\":\"No data found, symbol may be delisted\"}}}"
}
[2025-09-23T17:57:26.526Z] [yahoo_chart_q2] {
  "url": "https://query2.finance.yahoo.com/v8/finance/chart/TELL%20ME%20ABOUT%20MY%20SELF?interval=1d&range=1y",
  "error": "yahoo_chart_q2_http_404"
}
[2025-09-23T17:57:26.527Z] [yahoo_chart_both_failed] {
  "symbol": "TELL ME ABOUT MY SELF",
  "interval": "1d",
  "range": "1y",
  "e1": "yahoo_chart_q1_http_404",
  "e2": "yahoo_chart_q2_http_404"
}
[2025-09-23T17:57:26.527Z] [unified_yahoo_empty] {
  "yahoo": "TELL ME ABOUT MY SELF",
  "tf": "1d"
}
[2025-09-23T17:57:26.528Z] [stream_snapshot_fail] {
  "input": "tell me about my self",
  "tokenRaw": "TELL ME ABOUT MY SELF",
  "timeframe": "1d",
  "reason": "yahoo_no_candles"
}
[2025-09-23T18:00:41.697Z] [yahoo_quote_q1] {
  "url": "https://query1.finance.yahoo.com/v7/finance/quote?symbols=ETH-USD",
  "status": 401,
  "statusText": "Unauthorized",
  "body": "{\"finance\":{\"result\":null,\"error\":{\"code\":\"Unauthorized\",\"description\":\"User is unable to access this feature - https://bit.ly/yahoo-finance-api-feedback\"}}}"
}
[2025-09-23T18:00:41.698Z] [yahoo_quote_q1] {
  "url": "https://query1.finance.yahoo.com/v7/finance/quote?symbols=ETH-USD",
  "error": "yahoo_quote_q1_http_401"
}
[2025-09-23T18:00:41.951Z] [yahoo_quote_q2] {
  "url": "https://query2.finance.yahoo.com/v7/finance/quote?symbols=ETH-USD",
  "status": 401,
  "statusText": "Unauthorized",
  "body": "{\"finance\":{\"result\":null,\"error\":{\"code\":\"Unauthorized\",\"description\":\"User is unable to access this feature - https://bit.ly/yahoo-finance-api-feedback\"}}}"
}
[2025-09-23T18:00:41.952Z] [yahoo_quote_q2] {
  "url": "https://query2.finance.yahoo.com/v7/finance/quote?symbols=ETH-USD",
  "error": "yahoo_quote_q2_http_401"
}
[2025-09-23T18:00:41.952Z] [yahoo_quote_both_failed] {
  "symbol": "ETH-USD",
  "e1": "yahoo_quote_q1_http_401",
  "e2": "yahoo_quote_q2_http_401"
}
[2025-09-23T18:00:42.151Z] [yahoo_quote_q1] {
  "url": "https://query1.finance.yahoo.com/v7/finance/quote?symbols=LIVE%20PRICE%20ETH",
  "status": 401,
  "statusText": "Unauthorized",
  "body": "{\"finance\":{\"result\":null,\"error\":{\"code\":\"Unauthorized\",\"description\":\"User is unable to access this feature - https://bit.ly/yahoo-finance-api-feedback\"}}}"
}
[2025-09-23T18:00:42.151Z] [yahoo_quote_q1] {
  "url": "https://query1.finance.yahoo.com/v7/finance/quote?symbols=LIVE%20PRICE%20ETH",
  "error": "yahoo_quote_q1_http_401"
}
[2025-09-23T18:00:42.262Z] [yahoo_quote_q2] {
  "url": "https://query2.finance.yahoo.com/v7/finance/quote?symbols=LIVE%20PRICE%20ETH",
  "status": 401,
  "statusText": "Unauthorized",
  "body": "{\"finance\":{\"result\":null,\"error\":{\"code\":\"Unauthorized\",\"description\":\"User is unable to access this feature - https://bit.ly/yahoo-finance-api-feedback\"}}}"
}
[2025-09-23T18:00:42.262Z] [yahoo_quote_q2] {
  "url": "https://query2.finance.yahoo.com/v7/finance/quote?symbols=LIVE%20PRICE%20ETH",
  "error": "yahoo_quote_q2_http_401"
}
[2025-09-23T18:00:42.263Z] [yahoo_quote_both_failed] {
  "symbol": "LIVE PRICE ETH",
  "e1": "yahoo_quote_q1_http_401",
  "e2": "yahoo_quote_q2_http_401"
}
[2025-09-23T18:00:42.372Z] [yahoo_chart_q1] {
  "url": "https://query1.finance.yahoo.com/v8/finance/chart/LIVE%20PRICE%20ETH?interval=1d&range=1y",
  "status": 404,
  "statusText": "Not Found",
  "body": "{\"chart\":{\"result\":null,\"error\":{\"code\":\"Not Found\",\"description\":\"No data found, symbol may be delisted\"}}}"
}
[2025-09-23T18:00:42.373Z] [yahoo_chart_q1] {
  "url": "https://query1.finance.yahoo.com/v8/finance/chart/LIVE%20PRICE%20ETH?interval=1d&range=1y",
  "error": "yahoo_chart_q1_http_404"
}
[2025-09-23T18:00:42.553Z] [yahoo_chart_q2] {
  "url": "https://query2.finance.yahoo.com/v8/finance/chart/LIVE%20PRICE%20ETH?interval=1d&range=1y",
  "status": 404,
  "statusText": "Not Found",
  "body": "{\"chart\":{\"result\":null,\"error\":{\"code\":\"Not Found\",\"description\":\"No data found, symbol may be delisted\"}}}"
}
[2025-09-23T18:00:42.554Z] [yahoo_chart_q2] {
  "url": "https://query2.finance.yahoo.com/v8/finance/chart/LIVE%20PRICE%20ETH?interval=1d&range=1y",
  "error": "yahoo_chart_q2_http_404"
}
[2025-09-23T18:00:42.554Z] [yahoo_chart_both_failed] {
  "symbol": "LIVE PRICE ETH",
  "interval": "1d",
  "range": "1y",
  "e1": "yahoo_chart_q1_http_404",
  "e2": "yahoo_chart_q2_http_404"
}
[2025-09-23T18:00:50.253Z] [yahoo_quote_q1] {
  "url": "https://query1.finance.yahoo.com/v7/finance/quote?symbols=ETH-USD",
  "status": 401,
  "statusText": "Unauthorized",
  "body": "{\"finance\":{\"result\":null,\"error\":{\"code\":\"Unauthorized\",\"description\":\"User is unable to access this feature - https://bit.ly/yahoo-finance-api-feedback\"}}}"
}
[2025-09-23T18:00:50.253Z] [yahoo_quote_q1] {
  "url": "https://query1.finance.yahoo.com/v7/finance/quote?symbols=ETH-USD",
  "error": "yahoo_quote_q1_http_401"
}
[2025-09-23T18:00:50.513Z] [yahoo_quote_q2] {
  "url": "https://query2.finance.yahoo.com/v7/finance/quote?symbols=ETH-USD",
  "status": 401,
  "statusText": "Unauthorized",
  "body": "{\"finance\":{\"result\":null,\"error\":{\"code\":\"Unauthorized\",\"description\":\"User is unable to access this feature - https://bit.ly/yahoo-finance-api-feedback\"}}}"
}
[2025-09-23T18:00:50.514Z] [yahoo_quote_q2] {
  "url": "https://query2.finance.yahoo.com/v7/finance/quote?symbols=ETH-USD",
  "error": "yahoo_quote_q2_http_401"
}
[2025-09-23T18:00:50.514Z] [yahoo_quote_both_failed] {
  "symbol": "ETH-USD",
  "e1": "yahoo_quote_q1_http_401",
  "e2": "yahoo_quote_q2_http_401"
}
[2025-09-23T18:01:15.161Z] [yahoo_quote_q1] {
  "url": "https://query1.finance.yahoo.com/v7/finance/quote?symbols=ETH-USD",
  "status": 401,
  "statusText": "Unauthorized",
  "body": "{\"finance\":{\"result\":null,\"error\":{\"code\":\"Unauthorized\",\"description\":\"User is unable to access this feature - https://bit.ly/yahoo-finance-api-feedback\"}}}"
}
[2025-09-23T18:01:15.163Z] [yahoo_quote_q1] {
  "url": "https://query1.finance.yahoo.com/v7/finance/quote?symbols=ETH-USD",
  "error": "yahoo_quote_q1_http_401"
}
[2025-09-23T18:01:15.439Z] [yahoo_quote_q2] {
  "url": "https://query2.finance.yahoo.com/v7/finance/quote?symbols=ETH-USD",
  "status": 401,
  "statusText": "Unauthorized",
  "body": "{\"finance\":{\"result\":null,\"error\":{\"code\":\"Unauthorized\",\"description\":\"User is unable to access this feature - https://bit.ly/yahoo-finance-api-feedback\"}}}"
}
[2025-09-23T18:01:15.440Z] [yahoo_quote_q2] {
  "url": "https://query2.finance.yahoo.com/v7/finance/quote?symbols=ETH-USD",
  "error": "yahoo_quote_q2_http_401"
}
[2025-09-23T18:01:15.440Z] [yahoo_quote_both_failed] {
  "symbol": "ETH-USD",
  "e1": "yahoo_quote_q1_http_401",
  "e2": "yahoo_quote_q2_http_401"
}
[2025-09-23T18:01:15.635Z] [yahoo_quote_q1] {
  "url": "https://query1.finance.yahoo.com/v7/finance/quote?symbols=LIVE%20PRICE%20ETH",
  "status": 401,
  "statusText": "Unauthorized",
  "body": "{\"finance\":{\"result\":null,\"error\":{\"code\":\"Unauthorized\",\"description\":\"User is unable to access this feature - https://bit.ly/yahoo-finance-api-feedback\"}}}"
}
[2025-09-23T18:01:15.635Z] [yahoo_quote_q1] {
  "url": "https://query1.finance.yahoo.com/v7/finance/quote?symbols=LIVE%20PRICE%20ETH",
  "error": "yahoo_quote_q1_http_401"
}
[2025-09-23T18:01:15.746Z] [yahoo_quote_q2] {
  "url": "https://query2.finance.yahoo.com/v7/finance/quote?symbols=LIVE%20PRICE%20ETH",
  "status": 401,
  "statusText": "Unauthorized",
  "body": "{\"finance\":{\"result\":null,\"error\":{\"code\":\"Unauthorized\",\"description\":\"User is unable to access this feature - https://bit.ly/yahoo-finance-api-feedback\"}}}"
}
[2025-09-23T18:01:15.746Z] [yahoo_quote_q2] {
  "url": "https://query2.finance.yahoo.com/v7/finance/quote?symbols=LIVE%20PRICE%20ETH",
  "error": "yahoo_quote_q2_http_401"
}
[2025-09-23T18:01:15.747Z] [yahoo_quote_both_failed] {
  "symbol": "LIVE PRICE ETH",
  "e1": "yahoo_quote_q1_http_401",
  "e2": "yahoo_quote_q2_http_401"
}
[2025-09-23T18:01:15.862Z] [yahoo_chart_q1] {
  "url": "https://query1.finance.yahoo.com/v8/finance/chart/LIVE%20PRICE%20ETH?interval=1d&range=1y",
  "status": 404,
  "statusText": "Not Found",
  "body": "{\"chart\":{\"result\":null,\"error\":{\"code\":\"Not Found\",\"description\":\"No data found, symbol may be delisted\"}}}"
}
[2025-09-23T18:01:15.862Z] [yahoo_chart_q1] {
  "url": "https://query1.finance.yahoo.com/v8/finance/chart/LIVE%20PRICE%20ETH?interval=1d&range=1y",
  "error": "yahoo_chart_q1_http_404"
}
[2025-09-23T18:01:15.982Z] [yahoo_chart_q2] {
  "url": "https://query2.finance.yahoo.com/v8/finance/chart/LIVE%20PRICE%20ETH?interval=1d&range=1y",
  "status": 404,
  "statusText": "Not Found",
  "body": "{\"chart\":{\"result\":null,\"error\":{\"code\":\"Not Found\",\"description\":\"No data found, symbol may be delisted\"}}}"
}
[2025-09-23T18:01:15.982Z] [yahoo_chart_q2] {
  "url": "https://query2.finance.yahoo.com/v8/finance/chart/LIVE%20PRICE%20ETH?interval=1d&range=1y",
  "error": "yahoo_chart_q2_http_404"
}
[2025-09-23T18:01:15.982Z] [yahoo_chart_both_failed] {
  "symbol": "LIVE PRICE ETH",
  "interval": "1d",
  "range": "1y",
  "e1": "yahoo_chart_q1_http_404",
  "e2": "yahoo_chart_q2_http_404"
}
[2025-09-23T18:01:24.280Z] [yahoo_quote_q1] {
  "url": "https://query1.finance.yahoo.com/v7/finance/quote?symbols=ETH-USD",
  "status": 401,
  "statusText": "Unauthorized",
  "body": "{\"finance\":{\"result\":null,\"error\":{\"code\":\"Unauthorized\",\"description\":\"User is unable to access this feature - https://bit.ly/yahoo-finance-api-feedback\"}}}"
}
[2025-09-23T18:01:24.280Z] [yahoo_quote_q1] {
  "url": "https://query1.finance.yahoo.com/v7/finance/quote?symbols=ETH-USD",
  "error": "yahoo_quote_q1_http_401"
}
[2025-09-23T18:01:24.540Z] [yahoo_quote_q2] {
  "url": "https://query2.finance.yahoo.com/v7/finance/quote?symbols=ETH-USD",
  "status": 401,
  "statusText": "Unauthorized",
  "body": "{\"finance\":{\"result\":null,\"error\":{\"code\":\"Unauthorized\",\"description\":\"User is unable to access this feature - https://bit.ly/yahoo-finance-api-feedback\"}}}"
}
[2025-09-23T18:01:24.540Z] [yahoo_quote_q2] {
  "url": "https://query2.finance.yahoo.com/v7/finance/quote?symbols=ETH-USD",
  "error": "yahoo_quote_q2_http_401"
}
[2025-09-23T18:01:24.541Z] [yahoo_quote_both_failed] {
  "symbol": "ETH-USD",
  "e1": "yahoo_quote_q1_http_401",
  "e2": "yahoo_quote_q2_http_401"
}
[2025-09-23T18:01:37.995Z] [yahoo_chart_q1] {
  "url": "https://query1.finance.yahoo.com/v8/finance/chart/TELL%20ME%20ABOUT%20MY%20SELF?interval=1d&range=1y",
  "status": 404,
  "statusText": "Not Found",
  "body": "{\"chart\":{\"result\":null,\"error\":{\"code\":\"Not Found\",\"description\":\"No data found, symbol may be delisted\"}}}"
}
[2025-09-23T18:01:37.996Z] [yahoo_chart_q1] {
  "url": "https://query1.finance.yahoo.com/v8/finance/chart/TELL%20ME%20ABOUT%20MY%20SELF?interval=1d&range=1y",
  "error": "yahoo_chart_q1_http_404"
}
[2025-09-23T18:01:38.312Z] [yahoo_chart_q2] {
  "url": "https://query2.finance.yahoo.com/v8/finance/chart/TELL%20ME%20ABOUT%20MY%20SELF?interval=1d&range=1y",
  "status": 404,
  "statusText": "Not Found",
  "body": "{\"chart\":{\"result\":null,\"error\":{\"code\":\"Not Found\",\"description\":\"No data found, symbol may be delisted\"}}}"
}
[2025-09-23T18:01:38.313Z] [yahoo_chart_q2] {
  "url": "https://query2.finance.yahoo.com/v8/finance/chart/TELL%20ME%20ABOUT%20MY%20SELF?interval=1d&range=1y",
  "error": "yahoo_chart_q2_http_404"
}
[2025-09-23T18:01:38.313Z] [yahoo_chart_both_failed] {
  "symbol": "TELL ME ABOUT MY SELF",
  "interval": "1d",
  "range": "1y",
  "e1": "yahoo_chart_q1_http_404",
  "e2": "yahoo_chart_q2_http_404"
}
[2025-09-23T18:01:38.313Z] [unified_yahoo_empty] {
  "yahoo": "TELL ME ABOUT MY SELF",
  "tf": "1d"
}
[2025-09-23T18:01:38.314Z] [stream_snapshot_fail] {
  "input": "tell me about my self",
  "tokenRaw": "TELL ME ABOUT MY SELF",
  "timeframe": "1d",
  "reason": "yahoo_no_candles"
}
streamAssistant error: Error [ERR_HTTP_HEADERS_SENT]: Cannot set headers after they are sent to the client
    at ServerResponse.setHeader (node:_http_outgoing:655:11)
    at sseStart (/home/acutsvxx/profitnote.acutetech.in/controllers/assistantController.js:513:7)
    at streamAssistant (/home/acutsvxx/profitnote.acutetech.in/controllers/assistantController.js:1817:3)
    at process.processTicksAndRejections (node:internal/process/task_queues:95:5) {
  code: 'ERR_HTTP_HEADERS_SENT'
}
[2025-09-23T18:06:43.735Z] [yahoo_quote_q1] {
  "url": "https://query1.finance.yahoo.com/v7/finance/quote?symbols=BTC-USD",
  "status": 401,
  "statusText": "Unauthorized",
  "body": "{\"finance\":{\"result\":null,\"error\":{\"code\":\"Unauthorized\",\"description\":\"User is unable to access this feature - https://bit.ly/yahoo-finance-api-feedback\"}}}"
}
[2025-09-23T18:06:43.736Z] [yahoo_quote_q1] {
  "url": "https://query1.finance.yahoo.com/v7/finance/quote?symbols=BTC-USD",
  "error": "yahoo_quote_q1_http_401"
}
[2025-09-23T18:06:43.960Z] [yahoo_quote_q2] {
  "url": "https://query2.finance.yahoo.com/v7/finance/quote?symbols=BTC-USD",
  "status": 401,
  "statusText": "Unauthorized",
  "body": "{\"finance\":{\"result\":null,\"error\":{\"code\":\"Unauthorized\",\"description\":\"User is unable to access this feature - https://bit.ly/yahoo-finance-api-feedback\"}}}"
}
[2025-09-23T18:06:43.960Z] [yahoo_quote_q2] {
  "url": "https://query2.finance.yahoo.com/v7/finance/quote?symbols=BTC-USD",
  "error": "yahoo_quote_q2_http_401"
}
[2025-09-23T18:06:43.960Z] [yahoo_quote_both_failed] {
  "symbol": "BTC-USD",
  "e1": "yahoo_quote_q1_http_401",
  "e2": "yahoo_quote_q2_http_401"
}
[2025-09-23T18:06:59.440Z] [yahoo_chart_q1] {
  "url": "https://query1.finance.yahoo.com/v8/finance/chart/ETH%20ON%2030M?interval=1d&range=1y",
  "status": 404,
  "statusText": "Not Found",
  "body": "{\"chart\":{\"result\":null,\"error\":{\"code\":\"Not Found\",\"description\":\"No data found, symbol may be delisted\"}}}"
}
[2025-09-23T18:06:59.440Z] [yahoo_chart_q1] {
  "url": "https://query1.finance.yahoo.com/v8/finance/chart/ETH%20ON%2030M?interval=1d&range=1y",
  "error": "yahoo_chart_q1_http_404"
}
[2025-09-23T18:06:59.685Z] [yahoo_chart_q2] {
  "url": "https://query2.finance.yahoo.com/v8/finance/chart/ETH%20ON%2030M?interval=1d&range=1y",
  "status": 404,
  "statusText": "Not Found",
  "body": "{\"chart\":{\"result\":null,\"error\":{\"code\":\"Not Found\",\"description\":\"No data found, symbol may be delisted\"}}}"
}
[2025-09-23T18:06:59.685Z] [yahoo_chart_q2] {
  "url": "https://query2.finance.yahoo.com/v8/finance/chart/ETH%20ON%2030M?interval=1d&range=1y",
  "error": "yahoo_chart_q2_http_404"
}
[2025-09-23T18:06:59.686Z] [yahoo_chart_both_failed] {
  "symbol": "ETH ON 30M",
  "interval": "1d",
  "range": "1y",
  "e1": "yahoo_chart_q1_http_404",
  "e2": "yahoo_chart_q2_http_404"
}
[2025-09-23T18:06:59.686Z] [unified_yahoo_empty] {
  "yahoo": "ETH ON 30M",
  "tf": "1d"
}
[2025-09-23T18:06:59.686Z] [stream_snapshot_fail] {
  "input": "• analyze ETH on 30m",
  "tokenRaw": "ETH ON 30M",
  "timeframe": "1d",
  "reason": "yahoo_no_candles"
}
[2025-09-23T18:09:23.871Z] [binance_klines] {
  "url": "https://api.binance.com/api/v3/klines?symbol=ETHUSDT&interval=1d&limit=500",
  "status": 451,
  "statusText": "Unavailable For Legal Reasons",
  "body": "{\n  \"code\": 0,\n  \"msg\": \"Service unavailable from a restricted location according to 'b. Eligibility' in https://www.binance.com/en/terms. Please contact customer service if you believe you received this message in error.\"\n}"
}
[2025-09-23T18:09:23.871Z] [binance_klines] {
  "url": "https://api.binance.com/api/v3/klines?symbol=ETHUSDT&interval=1d&limit=500",
  "error": "binance_klines_http_451"
}
[2025-09-23T18:09:23.872Z] [unified_crypto_binance_primary_fail] {
  "yahoo": "ETH-USD",
  "tf": "1d",
  "error": "binance_klines_http_451"
}
[2025-09-23T18:09:23.932Z] [binance_klines] {
  "url": "https://api.binance.com/api/v3/klines?symbol=ETHUSDT&interval=1d&limit=500",
  "status": 451,
  "statusText": "Unavailable For Legal Reasons",
  "body": "{\n  \"code\": 0,\n  \"msg\": \"Service unavailable from a restricted location according to 'b. Eligibility' in https://www.binance.com/en/terms. Please contact customer service if you believe you received this message in error.\"\n}"
}
[2025-09-23T18:09:23.932Z] [binance_klines] {
  "url": "https://api.binance.com/api/v3/klines?symbol=ETHUSDT&interval=1d&limit=500",
  "error": "binance_klines_http_451"
}
[2025-09-23T18:09:23.934Z] [unified_crypto_binance_last_resort_fail] {
  "yahoo": "ETH-USD",
  "error": "binance_klines_http_451"
}
[2025-09-23T18:09:24.301Z] [binance_klines] {
  "url": "https://api.binance.com/api/v3/klines?symbol=ETHUSDT&interval=1d&limit=500",
  "status": 451,
  "statusText": "Unavailable For Legal Reasons",
  "body": "{\n  \"code\": 0,\n  \"msg\": \"Service unavailable from a restricted location according to 'b. Eligibility' in https://www.binance.com/en/terms. Please contact customer service if you believe you received this message in error.\"\n}"
}
[2025-09-23T18:09:24.301Z] [binance_klines] {
  "url": "https://api.binance.com/api/v3/klines?symbol=ETHUSDT&interval=1d&limit=500",
  "error": "binance_klines_http_451"
}
[2025-09-23T18:09:24.301Z] [unified_crypto_binance_primary_fail] {
  "yahoo": "ETH-USD",
  "tf": "1d",
  "error": "binance_klines_http_451"
}
[2025-09-23T18:09:24.372Z] [binance_klines] {
  "url": "https://api.binance.com/api/v3/klines?symbol=ETHUSDT&interval=1d&limit=500",
  "status": 451,
  "statusText": "Unavailable For Legal Reasons",
  "body": "{\n  \"code\": 0,\n  \"msg\": \"Service unavailable from a restricted location according to 'b. Eligibility' in https://www.binance.com/en/terms. Please contact customer service if you believe you received this message in error.\"\n}"
}
[2025-09-23T18:09:24.372Z] [binance_klines] {
  "url": "https://api.binance.com/api/v3/klines?symbol=ETHUSDT&interval=1d&limit=500",
  "error": "binance_klines_http_451"
}
[2025-09-23T18:09:24.372Z] [unified_crypto_binance_last_resort_fail] {
  "yahoo": "ETH-USD",
  "error": "binance_klines_http_451"
}
[2025-09-23T18:11:43.542Z] [yahoo_chart_q1] {
  "url": "https://query1.finance.yahoo.com/v8/finance/chart/ETH%20ON%201H?interval=1d&range=1y",
  "status": 404,
  "statusText": "Not Found",
  "body": "{\"chart\":{\"result\":null,\"error\":{\"code\":\"Not Found\",\"description\":\"No data found, symbol may be delisted\"}}}"
}
[2025-09-23T18:11:43.543Z] [yahoo_chart_q1] {
  "url": "https://query1.finance.yahoo.com/v8/finance/chart/ETH%20ON%201H?interval=1d&range=1y",
  "error": "yahoo_chart_q1_http_404"
}
[2025-09-23T18:11:43.785Z] [yahoo_chart_q2] {
  "url": "https://query2.finance.yahoo.com/v8/finance/chart/ETH%20ON%201H?interval=1d&range=1y",
  "status": 404,
  "statusText": "Not Found",
  "body": "{\"chart\":{\"result\":null,\"error\":{\"code\":\"Not Found\",\"description\":\"No data found, symbol may be delisted\"}}}"
}
[2025-09-23T18:11:43.785Z] [yahoo_chart_q2] {
  "url": "https://query2.finance.yahoo.com/v8/finance/chart/ETH%20ON%201H?interval=1d&range=1y",
  "error": "yahoo_chart_q2_http_404"
}
[2025-09-23T18:11:43.785Z] [yahoo_chart_both_failed] {
  "symbol": "ETH ON 1H",
  "interval": "1d",
  "range": "1y",
  "e1": "yahoo_chart_q1_http_404",
  "e2": "yahoo_chart_q2_http_404"
}
[2025-09-23T18:11:43.786Z] [unified_yahoo_empty] {
  "yahoo": "ETH ON 1H",
  "tf": "1d"
}
[2025-09-23T18:11:43.797Z] [stream_snapshot_fail] {
  "input": "• analyze ETH on 1h",
  "tokenRaw": "ETH ON 1H",
  "timeframe": "1d",
  "reason": "yahoo_no_candles"
}
[2025-09-23T18:13:57.626Z] [binance_klines] {
  "url": "https://api.binance.com/api/v3/klines?symbol=ETHUSDT&interval=1d&limit=500",
  "status": 451,
  "statusText": "Unavailable For Legal Reasons",
  "body": "{\n  \"code\": 0,\n  \"msg\": \"Service unavailable from a restricted location according to 'b. Eligibility' in https://www.binance.com/en/terms. Please contact customer service if you believe you received this message in error.\"\n}"
}
[2025-09-23T18:13:57.626Z] [binance_klines] {
  "url": "https://api.binance.com/api/v3/klines?symbol=ETHUSDT&interval=1d&limit=500",
  "error": "binance_klines_http_451"
}
[2025-09-23T18:13:57.626Z] [unified_crypto_binance_primary_fail] {
  "yahoo": "ETH-USD",
  "tf": "1d",
  "error": "binance_klines_http_451"
}
[2025-09-23T18:13:57.703Z] [binance_klines] {
  "url": "https://api.binance.com/api/v3/klines?symbol=ETHUSDT&interval=1d&limit=500",
  "status": 451,
  "statusText": "Unavailable For Legal Reasons",
  "body": "{\n  \"code\": 0,\n  \"msg\": \"Service unavailable from a restricted location according to 'b. Eligibility' in https://www.binance.com/en/terms. Please contact customer service if you believe you received this message in error.\"\n}"
}
[2025-09-23T18:13:57.703Z] [binance_klines] {
  "url": "https://api.binance.com/api/v3/klines?symbol=ETHUSDT&interval=1d&limit=500",
  "error": "binance_klines_http_451"
}
[2025-09-23T18:13:57.704Z] [unified_crypto_binance_last_resort_fail] {
  "yahoo": "ETH-USD",
  "error": "binance_klines_http_451"
}
[2025-09-23T18:13:58.045Z] [binance_klines] {
  "url": "https://api.binance.com/api/v3/klines?symbol=ETHUSDT&interval=1h&limit=500",
  "status": 451,
  "statusText": "Unavailable For Legal Reasons",
  "body": "{\n  \"code\": 0,\n  \"msg\": \"Service unavailable from a restricted location according to 'b. Eligibility' in https://www.binance.com/en/terms. Please contact customer service if you believe you received this message in error.\"\n}"
}
[2025-09-23T18:13:58.045Z] [binance_klines] {
  "url": "https://api.binance.com/api/v3/klines?symbol=ETHUSDT&interval=1h&limit=500",
  "error": "binance_klines_http_451"
}
[2025-09-23T18:13:58.046Z] [unified_crypto_binance_primary_fail] {
  "yahoo": "ETH-USD",
  "tf": "60m",
  "error": "binance_klines_http_451"
}
[2025-09-23T18:13:58.128Z] [binance_klines] {
  "url": "https://api.binance.com/api/v3/klines?symbol=ETHUSDT&interval=1h&limit=500",
  "status": 451,
  "statusText": "Unavailable For Legal Reasons",
  "body": "{\n  \"code\": 0,\n  \"msg\": \"Service unavailable from a restricted location according to 'b. Eligibility' in https://www.binance.com/en/terms. Please contact customer service if you believe you received this message in error.\"\n}"
}
[2025-09-23T18:13:58.128Z] [binance_klines] {
  "url": "https://api.binance.com/api/v3/klines?symbol=ETHUSDT&interval=1h&limit=500",
  "error": "binance_klines_http_451"
}
[2025-09-23T18:13:58.128Z] [unified_crypto_binance_retry_fail] {
  "yahoo": "ETH-USD",
  "tfRetry": "1h",
  "error": "binance_klines_http_451"
}
[2025-09-23T18:13:58.209Z] [binance_klines] {
  "url": "https://api.binance.com/api/v3/klines?symbol=ETHUSDT&interval=1d&limit=500",
  "status": 451,
  "statusText": "Unavailable For Legal Reasons",
  "body": "{\n  \"code\": 0,\n  \"msg\": \"Service unavailable from a restricted location according to 'b. Eligibility' in https://www.binance.com/en/terms. Please contact customer service if you believe you received this message in error.\"\n}"
}
[2025-09-23T18:13:58.210Z] [binance_klines] {
  "url": "https://api.binance.com/api/v3/klines?symbol=ETHUSDT&interval=1d&limit=500",
  "error": "binance_klines_http_451"
}
[2025-09-23T18:13:58.210Z] [unified_crypto_binance_last_resort_fail] {
  "yahoo": "ETH-USD",
  "error": "binance_klines_http_451"
}
[2025-09-24T04:06:26.188Z] [yahoo_chart_q1] {
  "url": "https://query1.finance.yahoo.com/v8/finance/chart/FOR%20INTRADAY.NS?interval=1d&range=1y",
  "status": 404,
  "statusText": "Not Found",
  "body": "{\"chart\":{\"result\":null,\"error\":{\"code\":\"Not Found\",\"description\":\"No data found, symbol may be delisted\"}}}"
}
[2025-09-24T04:06:26.191Z] [yahoo_chart_q1] {
  "url": "https://query1.finance.yahoo.com/v8/finance/chart/FOR%20INTRADAY.NS?interval=1d&range=1y",
  "error": "yahoo_chart_q1_http_404"
}
[2025-09-24T04:06:26.291Z] [yahoo_chart_q2] {
  "url": "https://query2.finance.yahoo.com/v8/finance/chart/FOR%20INTRADAY.NS?interval=1d&range=1y",
  "status": 404,
  "statusText": "Not Found",
  "body": "{\"chart\":{\"result\":null,\"error\":{\"code\":\"Not Found\",\"description\":\"No data found, symbol may be delisted\"}}}"
}
[2025-09-24T04:06:26.292Z] [yahoo_chart_q2] {
  "url": "https://query2.finance.yahoo.com/v8/finance/chart/FOR%20INTRADAY.NS?interval=1d&range=1y",
  "error": "yahoo_chart_q2_http_404"
}
[2025-09-24T04:06:26.292Z] [yahoo_chart_both_failed] {
  "symbol": "FOR INTRADAY.NS",
  "interval": "1d",
  "range": "1y",
  "e1": "yahoo_chart_q1_http_404",
  "e2": "yahoo_chart_q2_http_404"
}
[2025-09-24T04:06:26.418Z] [yahoo_chart_q1] {
  "url": "https://query1.finance.yahoo.com/v8/finance/chart/FOR%20INTRADAY.BO?interval=1d&range=1y",
  "status": 404,
  "statusText": "Not Found",
  "body": "{\"chart\":{\"result\":null,\"error\":{\"code\":\"Not Found\",\"description\":\"No data found, symbol may be delisted\"}}}"
}
[2025-09-24T04:06:26.418Z] [yahoo_chart_q1] {
  "url": "https://query1.finance.yahoo.com/v8/finance/chart/FOR%20INTRADAY.BO?interval=1d&range=1y",
  "error": "yahoo_chart_q1_http_404"
}
[2025-09-24T04:06:26.523Z] [yahoo_chart_q2] {
  "url": "https://query2.finance.yahoo.com/v8/finance/chart/FOR%20INTRADAY.BO?interval=1d&range=1y",
  "status": 404,
  "statusText": "Not Found",
  "body": "{\"chart\":{\"result\":null,\"error\":{\"code\":\"Not Found\",\"description\":\"No data found, symbol may be delisted\"}}}"
}
[2025-09-24T04:06:26.524Z] [yahoo_chart_q2] {
  "url": "https://query2.finance.yahoo.com/v8/finance/chart/FOR%20INTRADAY.BO?interval=1d&range=1y",
  "error": "yahoo_chart_q2_http_404"
}
[2025-09-24T04:06:26.524Z] [yahoo_chart_both_failed] {
  "symbol": "FOR INTRADAY.BO",
  "interval": "1d",
  "range": "1y",
  "e1": "yahoo_chart_q1_http_404",
  "e2": "yahoo_chart_q2_http_404"
}
[2025-09-24T04:06:26.585Z] [yahoo_chart_q1] {
  "url": "https://query1.finance.yahoo.com/v8/finance/chart/FOR%20INTRADAY?interval=1d&range=1y",
  "status": 404,
  "statusText": "Not Found",
  "body": "{\"chart\":{\"result\":null,\"error\":{\"code\":\"Not Found\",\"description\":\"No data found, symbol may be delisted\"}}}"
}
[2025-09-24T04:06:26.585Z] [yahoo_chart_q1] {
  "url": "https://query1.finance.yahoo.com/v8/finance/chart/FOR%20INTRADAY?interval=1d&range=1y",
  "error": "yahoo_chart_q1_http_404"
}
[2025-09-24T04:06:26.712Z] [yahoo_chart_q2] {
  "url": "https://query2.finance.yahoo.com/v8/finance/chart/FOR%20INTRADAY?interval=1d&range=1y",
  "status": 404,
  "statusText": "Not Found",
  "body": "{\"chart\":{\"result\":null,\"error\":{\"code\":\"Not Found\",\"description\":\"No data found, symbol may be delisted\"}}}"
}
[2025-09-24T04:06:26.712Z] [yahoo_chart_q2] {
  "url": "https://query2.finance.yahoo.com/v8/finance/chart/FOR%20INTRADAY?interval=1d&range=1y",
  "error": "yahoo_chart_q2_http_404"
}
[2025-09-24T04:06:26.713Z] [yahoo_chart_both_failed] {
  "symbol": "FOR INTRADAY",
  "interval": "1d",
  "range": "1y",
  "e1": "yahoo_chart_q1_http_404",
  "e2": "yahoo_chart_q2_http_404"
}
[2025-09-24T04:06:34.468Z] [yahoo_chart_q1] {
  "url": "https://query1.finance.yahoo.com/v8/finance/chart/%5ENSEI?interval=15m&range=2mo",
  "status": 422,
  "statusText": "Unprocessable Entity",
  "body": "{\"chart\":{\"result\":null,\"error\":{\"code\":\"Unprocessable Entity\",\"description\":\"15m data not available for startTime=1753329994 and endTime=1758686794. The requested range must be within the last 60 days.\"}}}"
}
[2025-09-24T04:06:34.469Z] [yahoo_chart_q1] {
  "url": "https://query1.finance.yahoo.com/v8/finance/chart/%5ENSEI?interval=15m&range=2mo",
  "error": "yahoo_chart_q1_http_422"
}
[2025-09-24T04:06:34.585Z] [yahoo_chart_q2] {
  "url": "https://query2.finance.yahoo.com/v8/finance/chart/%5ENSEI?interval=15m&range=2mo",
  "status": 422,
  "statusText": "Unprocessable Entity",
  "body": "{\"chart\":{\"result\":null,\"error\":{\"code\":\"Unprocessable Entity\",\"description\":\"15m data not available for startTime=1753329994 and endTime=1758686794. The requested range must be within the last 60 days.\"}}}"
}
[2025-09-24T04:06:34.585Z] [yahoo_chart_q2] {
  "url": "https://query2.finance.yahoo.com/v8/finance/chart/%5ENSEI?interval=15m&range=2mo",
  "error": "yahoo_chart_q2_http_422"
}
[2025-09-24T04:06:34.585Z] [yahoo_chart_both_failed] {
  "symbol": "^NSEI",
  "interval": "15m",
  "range": "2mo",
  "e1": "yahoo_chart_q1_http_422",
  "e2": "yahoo_chart_q2_http_422"
}
[2025-09-24T04:06:34.586Z] [unified_yahoo_empty] {
  "yahoo": "^NSEI",
  "tf": "15m"
}
